{
  "stats": {
    "suites": 1,
    "tests": 4,
    "passes": 4,
    "pending": 0,
    "failures": 0,
    "start": "2023-06-18T15:26:03.027Z",
    "end": "2023-06-18T15:26:37.283Z",
    "duration": 34256,
    "testsRegistered": 4,
    "passPercent": 100,
    "pendingPercent": 0,
    "other": 0,
    "hasOther": false,
    "skipped": 0,
    "hasSkipped": false
  },
  "results": [
    {
      "uuid": "ca3df15b-9864-4f45-8852-9279c199c5a9",
      "title": "",
      "fullFile": "cypress/e2e/TestyNaZaliczenie.cy.js",
      "file": "cypress/e2e/TestyNaZaliczenie.cy.js",
      "beforeHooks": [],
      "afterHooks": [],
      "tests": [],
      "suites": [
        {
          "uuid": "0f73bb28-9d47-4b15-a35d-35e2b13c27ce",
          "title": "Navigate to Google.pl and assert",
          "fullFile": "",
          "file": "",
          "beforeHooks": [],
          "afterHooks": [],
          "tests": [
            {
              "title": "Click on \"Zaakceptuj wszystko\"",
              "fullTitle": "Navigate to Google.pl and assert Click on \"Zaakceptuj wszystko\"",
              "timedOut": null,
              "duration": 2473,
              "state": "passed",
              "speed": "fast",
              "pass": true,
              "fail": false,
              "pending": false,
              "context": null,
              "code": "cy.get('#L2AGLb > .QS5gu').should('be.visible');\ncy.get('#L2AGLb > .QS5gu').click();\ncy.get('#L2AGLb > .QS5gu').should('not.be.visible');\ncy.url().should(\"contain\", \"google\");",
              "err": {},
              "uuid": "b167277d-8b6b-4530-bed1-ec3fbc2333d9",
              "parentUUID": "0f73bb28-9d47-4b15-a35d-35e2b13c27ce",
              "isHook": false,
              "skipped": false
            },
            {
              "title": "Click on \"Odrzuć wszystko\"",
              "fullTitle": "Navigate to Google.pl and assert Click on \"Odrzuć wszystko\"",
              "timedOut": null,
              "duration": 1053,
              "state": "passed",
              "speed": "fast",
              "pass": true,
              "fail": false,
              "pending": false,
              "context": null,
              "code": "cy.get('#W0wltc  > .QS5gu').should('be.visible');\ncy.get('#W0wltc  > .QS5gu').click();\ncy.get('#W0wltc  > .QS5gu').should('not.be.visible');\ncy.url().should(\"contain\", \"google\");",
              "err": {},
              "uuid": "8f4bcfd9-9fda-4abd-b97f-2837ab407311",
              "parentUUID": "0f73bb28-9d47-4b15-a35d-35e2b13c27ce",
              "isHook": false,
              "skipped": false
            },
            {
              "title": "Click on \"Prywatność\"",
              "fullTitle": "Navigate to Google.pl and assert Click on \"Prywatność\"",
              "timedOut": null,
              "duration": 24114,
              "state": "passed",
              "speed": "slow",
              "pass": true,
              "fail": false,
              "pending": false,
              "context": null,
              "code": "cy.get('#RP3V5c').should('be.visible');\ncy.get('#RP3V5c').click();\ncy.url().should(\"contain\", \"policies.google.com/privacy\");",
              "err": {},
              "uuid": "0db5c881-2fd8-405a-9a5c-d9c3f93f66b0",
              "parentUUID": "0f73bb28-9d47-4b15-a35d-35e2b13c27ce",
              "isHook": false,
              "skipped": false
            },
            {
              "title": "Click on \"Warunki\"",
              "fullTitle": "Navigate to Google.pl and assert Click on \"Warunki\"",
              "timedOut": null,
              "duration": 6522,
              "state": "passed",
              "speed": "medium",
              "pass": true,
              "fail": false,
              "pending": false,
              "context": null,
              "code": "cy.get('#HQ1lb').should('be.visible');\ncy.get('#HQ1lb').click();\ncy.url().should(\"contain\", \"policies.google.com/terms\");",
              "err": {},
              "uuid": "61cd7b14-8b05-461a-a26e-5faaf612a25a",
              "parentUUID": "0f73bb28-9d47-4b15-a35d-35e2b13c27ce",
              "isHook": false,
              "skipped": false
            }
          ],
          "suites": [],
          "passes": [
            "b167277d-8b6b-4530-bed1-ec3fbc2333d9",
            "8f4bcfd9-9fda-4abd-b97f-2837ab407311",
            "0db5c881-2fd8-405a-9a5c-d9c3f93f66b0",
            "61cd7b14-8b05-461a-a26e-5faaf612a25a"
          ],
          "failures": [],
          "pending": [],
          "skipped": [],
          "duration": 34162,
          "root": false,
          "rootEmpty": false,
          "_timeout": 2000
        }
      ],
      "passes": [],
      "failures": [],
      "pending": [],
      "skipped": [],
      "duration": 0,
      "root": true,
      "rootEmpty": true,
      "_timeout": 2000
    }
  ],
  "meta": {
    "mocha": {
      "version": "7.0.1"
    },
    "mochawesome": {
      "options": {
        "quiet": false,
        "reportFilename": "[name]-report",
        "saveHtml": true,
        "saveJson": true,
        "consoleReporter": "spec",
        "useInlineDiffs": false,
        "code": true
      },
      "version": "7.1.3"
    },
    "marge": {
      "options": {
        "reportFilename": "[name]-report",
        "overwrite": true,
        "html": true,
        "json": true
      },
      "version": "6.2.0"
    }
  }
}