{
  "stats": {
    "suites": 5,
    "tests": 14,
    "passes": 10,
    "pending": 0,
    "failures": 4,
    "start": "2023-06-18T14:19:02.120Z",
    "end": "2023-06-18T14:24:41.526Z",
    "duration": 339406,
    "testsRegistered": 14,
    "passPercent": 71.42857142857143,
    "pendingPercent": 0,
    "other": 0,
    "hasOther": false,
    "skipped": 0,
    "hasSkipped": false
  },
  "results": [
    {
      "uuid": "21ae6310-da60-4877-a0e0-9d4af4daab18",
      "title": "",
      "fullFile": "cypress/e2e/TestyNaZaliczenie.cy.js",
      "file": "cypress/e2e/TestyNaZaliczenie.cy.js",
      "beforeHooks": [],
      "afterHooks": [],
      "tests": [],
      "suites": [
        {
          "uuid": "afeb5663-a407-4b13-8519-031069ff39dd",
          "title": "Navigate to Google.pl and assert",
          "fullFile": "",
          "file": "",
          "beforeHooks": [],
          "afterHooks": [],
          "tests": [
            {
              "title": "Click on \"Zaakceptuj wszystko\"",
              "fullTitle": "Navigate to Google.pl and assert Click on \"Zaakceptuj wszystko\"",
              "timedOut": null,
              "duration": 3393,
              "state": "passed",
              "speed": "fast",
              "pass": true,
              "fail": false,
              "pending": false,
              "context": null,
              "code": "cy.get('#L2AGLb > .QS5gu').should('be.visible');\ncy.get('#L2AGLb > .QS5gu').click();\ncy.get('#L2AGLb > .QS5gu').should('not.be.visible');\ncy.url().should(\"contain\", \"google\");",
              "err": {},
              "uuid": "576f5853-3305-4c17-9e6f-09f8fdca8761",
              "parentUUID": "afeb5663-a407-4b13-8519-031069ff39dd",
              "isHook": false,
              "skipped": false
            },
            {
              "title": "Click on \"Odrzuć wszystko\"",
              "fullTitle": "Navigate to Google.pl and assert Click on \"Odrzuć wszystko\"",
              "timedOut": null,
              "duration": 829,
              "state": "passed",
              "speed": "fast",
              "pass": true,
              "fail": false,
              "pending": false,
              "context": null,
              "code": "cy.get('#W0wltc  > .QS5gu').should('be.visible');\ncy.get('#W0wltc  > .QS5gu').click();\ncy.get('#W0wltc  > .QS5gu').should('not.be.visible');\ncy.url().should(\"contain\", \"google\");",
              "err": {},
              "uuid": "9a793499-8bd5-4fb0-b526-d90fd2e79557",
              "parentUUID": "afeb5663-a407-4b13-8519-031069ff39dd",
              "isHook": false,
              "skipped": false
            },
            {
              "title": "Click on \"Prywatność\"",
              "fullTitle": "Navigate to Google.pl and assert Click on \"Prywatność\"",
              "timedOut": null,
              "duration": 26538,
              "state": "passed",
              "speed": "slow",
              "pass": true,
              "fail": false,
              "pending": false,
              "context": null,
              "code": "cy.get('#RP3V5c').should('be.visible');\ncy.get('#RP3V5c').click();\ncy.url().should(\"contain\", \"policies.google.com/privacy\");",
              "err": {},
              "uuid": "4ec4ba70-90fb-44a1-86f2-dba57b023edf",
              "parentUUID": "afeb5663-a407-4b13-8519-031069ff39dd",
              "isHook": false,
              "skipped": false
            },
            {
              "title": "Click on \"Warunki\"",
              "fullTitle": "Navigate to Google.pl and assert Click on \"Warunki\"",
              "timedOut": null,
              "duration": 3497,
              "state": "passed",
              "speed": "fast",
              "pass": true,
              "fail": false,
              "pending": false,
              "context": null,
              "code": "cy.get('#HQ1lb').should('be.visible');\ncy.get('#HQ1lb').click();\ncy.url().should(\"contain\", \"policies.google.com/terms\");",
              "err": {},
              "uuid": "96ea2cb3-261d-4fac-a6e3-24021c1a0a95",
              "parentUUID": "afeb5663-a407-4b13-8519-031069ff39dd",
              "isHook": false,
              "skipped": false
            }
          ],
          "suites": [],
          "passes": [
            "576f5853-3305-4c17-9e6f-09f8fdca8761",
            "9a793499-8bd5-4fb0-b526-d90fd2e79557",
            "4ec4ba70-90fb-44a1-86f2-dba57b023edf",
            "96ea2cb3-261d-4fac-a6e3-24021c1a0a95"
          ],
          "failures": [],
          "pending": [],
          "skipped": [],
          "duration": 34257,
          "root": false,
          "rootEmpty": false,
          "_timeout": 2000
        },
        {
          "uuid": "72914a95-ad09-462a-887c-75ec08a5769c",
          "title": "Navigate to Google.pl and search for \"Otomoto.pl\"",
          "fullFile": "",
          "file": "",
          "beforeHooks": [],
          "afterHooks": [],
          "tests": [
            {
              "title": "Search for Otomoto.pl and press Enter",
              "fullTitle": "Navigate to Google.pl and search for \"Otomoto.pl\" Search for Otomoto.pl and press Enter",
              "timedOut": null,
              "duration": 5598,
              "state": "failed",
              "speed": null,
              "pass": false,
              "fail": true,
              "pending": false,
              "context": null,
              "code": "cy.get('#W0wltc  > .QS5gu').should('be.visible');\ncy.get('#W0wltc  > .QS5gu').click();\ncy.get('#W0wltc  > .QS5gu').should('not.be.visible');\ncy.url().should(\"contain\", \"google\");\ncy.get('#APjFqb').click();\n//google().cookiesAccept().click()\ncy.get('#APjFqb').type('Otomoto').type('{enter}');\ncy.url().should(\"contain\", \"search?q=Otomoto&source\");",
              "err": {
                "message": "AssertionError: Timed out retrying after 4000ms: expected 'https://www.google.pl/' to include 'search?q=Otomoto&source'",
                "estack": "AssertionError: Timed out retrying after 4000ms: expected 'https://www.google.pl/' to include 'search?q=Otomoto&source'\n    at Context.eval (webpack:///./cypress/e2e/TestyNaZaliczenie.cy.js:54:17)",
                "diff": null
              },
              "uuid": "babae122-b6f3-46cb-b58c-402d3774579a",
              "parentUUID": "72914a95-ad09-462a-887c-75ec08a5769c",
              "isHook": false,
              "skipped": false
            },
            {
              "title": "Search for Otomoto.pl and select first link from search resoults",
              "fullTitle": "Navigate to Google.pl and search for \"Otomoto.pl\" Search for Otomoto.pl and select first link from search resoults",
              "timedOut": null,
              "duration": 5426,
              "state": "failed",
              "speed": null,
              "pass": false,
              "fail": true,
              "pending": false,
              "context": null,
              "code": "cy.get('#W0wltc  > .QS5gu').should('be.visible');\ncy.get('#W0wltc  > .QS5gu').click();\ncy.get('#W0wltc  > .QS5gu').should('not.be.visible');\ncy.url().should(\"contain\", \"google\");\ncy.get('#APjFqb').click();\ncy.get('#APjFqb').type('Otomoto').type('{enter}');\ncy.url().should(\"contain\", \"search?q=Otomoto&source\");\ncy.get('.tF2Cxc > .yuRUbf > a > .LC20lb').click();\ncy.url().should('equal', 'https://www.otomoto.pl/');",
              "err": {
                "message": "AssertionError: Timed out retrying after 4000ms: expected 'https://www.google.pl/' to include 'search?q=Otomoto&source'",
                "estack": "AssertionError: Timed out retrying after 4000ms: expected 'https://www.google.pl/' to include 'search?q=Otomoto&source'\n    at Context.eval (webpack:///./cypress/e2e/TestyNaZaliczenie.cy.js:64:17)",
                "diff": null
              },
              "uuid": "8b7e6843-fddf-4102-9402-41be1f0d8a61",
              "parentUUID": "72914a95-ad09-462a-887c-75ec08a5769c",
              "isHook": false,
              "skipped": false
            }
          ],
          "suites": [],
          "passes": [],
          "failures": [
            "babae122-b6f3-46cb-b58c-402d3774579a",
            "8b7e6843-fddf-4102-9402-41be1f0d8a61"
          ],
          "pending": [],
          "skipped": [],
          "duration": 11024,
          "root": false,
          "rootEmpty": false,
          "_timeout": 2000
        },
        {
          "uuid": "c31ff7b8-61af-4840-a41e-488149f9d7c5",
          "title": "Navigate to Otomoto.pl and assert",
          "fullFile": "",
          "file": "",
          "beforeHooks": [],
          "afterHooks": [],
          "tests": [
            {
              "title": "Click on \"Akceptuj\"",
              "fullTitle": "Navigate to Otomoto.pl and assert Click on \"Akceptuj\"",
              "timedOut": null,
              "duration": 3258,
              "state": "passed",
              "speed": "fast",
              "pass": true,
              "fail": false,
              "pending": false,
              "context": null,
              "code": "cy.get('#onetrust-accept-btn-handler').should('be.visible');\ncy.get('#onetrust-accept-btn-handler').click();\ncy.get('#onetrust-accept-btn-handler').should('not.be.visible');\ncy.url().should(\"contain\", \"otomoto\");",
              "err": {},
              "uuid": "09df6301-2eb8-41fa-8443-ad351856eda5",
              "parentUUID": "c31ff7b8-61af-4840-a41e-488149f9d7c5",
              "isHook": false,
              "skipped": false
            },
            {
              "title": "Click on \"Pokaz cele\"",
              "fullTitle": "Navigate to Otomoto.pl and assert Click on \"Pokaz cele\"",
              "timedOut": null,
              "duration": 1579,
              "state": "passed",
              "speed": "fast",
              "pass": true,
              "fail": false,
              "pending": false,
              "context": null,
              "code": "cy.get('#onetrust-pc-btn-handler').should('be.visible');\ncy.get('#onetrust-pc-btn-handler').click();\ncy.get('#onetrust-pc-btn-handler').should('not.be.visible');\ncy.url().should(\"contain\", \"otomoto\");",
              "err": {},
              "uuid": "99e821da-2f83-4ca3-a853-7a6298612189",
              "parentUUID": "c31ff7b8-61af-4840-a41e-488149f9d7c5",
              "isHook": false,
              "skipped": false
            },
            {
              "title": "Click on \"Zezwolenie na wszystkie\"",
              "fullTitle": "Navigate to Otomoto.pl and assert Click on \"Zezwolenie na wszystkie\"",
              "timedOut": null,
              "duration": 2482,
              "state": "passed",
              "speed": "fast",
              "pass": true,
              "fail": false,
              "pending": false,
              "context": null,
              "code": "cy.get('#onetrust-pc-btn-handler').click();\ncy.get('#accept-recommended-btn-handler').should('be.visible');\ncy.get('#accept-recommended-btn-handler').click();\ncy.get('#accept-recommended-btn-handler').should('not.be.visible');\ncy.url().should(\"contain\", \"otomoto\");",
              "err": {},
              "uuid": "cfa1347b-605e-4f06-9947-4ab01e3478dd",
              "parentUUID": "c31ff7b8-61af-4840-a41e-488149f9d7c5",
              "isHook": false,
              "skipped": false
            },
            {
              "title": "Selecting a particullar policy and clicking on \"Potwierdzenie moich wyborów\"",
              "fullTitle": "Navigate to Otomoto.pl and assert Selecting a particullar policy and clicking on \"Potwierdzenie moich wyborów\"",
              "timedOut": null,
              "duration": 1971,
              "state": "passed",
              "speed": "fast",
              "pass": true,
              "fail": false,
              "pending": false,
              "context": null,
              "code": "cy.get('#onetrust-pc-btn-handler').click();\ncy.get('#accept-recommended-btn-handler').should('be.visible');\ncy.get('div[data-optanongroupid=\"C0002\"] > .ot-acc-hdr > .ot-tgl > .ot-switch > .ot-switch-nob').click();\ncy.get('div[data-optanongroupid=\"C0003\"] > .ot-acc-hdr > .ot-tgl > .ot-switch > .ot-switch-nob').click();\ncy.get('div[data-optanongroupid=\"gad\"] > .ot-acc-hdr > .ot-tgl > .ot-switch > .ot-switch-nob').click();\ncy.get('.save-preference-btn-handler').click();\ncy.url().should(\"contain\", \"otomoto\");",
              "err": {},
              "uuid": "09213fbb-2207-4120-ad2f-6c41dfd85288",
              "parentUUID": "c31ff7b8-61af-4840-a41e-488149f9d7c5",
              "isHook": false,
              "skipped": false
            }
          ],
          "suites": [],
          "passes": [
            "09df6301-2eb8-41fa-8443-ad351856eda5",
            "99e821da-2f83-4ca3-a853-7a6298612189",
            "cfa1347b-605e-4f06-9947-4ab01e3478dd",
            "09213fbb-2207-4120-ad2f-6c41dfd85288"
          ],
          "failures": [],
          "pending": [],
          "skipped": [],
          "duration": 9290,
          "root": false,
          "rootEmpty": false,
          "_timeout": 2000
        },
        {
          "uuid": "fc1a5466-e40b-45d5-85f5-5b9c2699fd7f",
          "title": "Navigate to Otomoto.pl and search for \"Porsche Taycan\", takes a screenshot and goes througt the photos",
          "fullFile": "",
          "file": "",
          "beforeHooks": [],
          "afterHooks": [],
          "tests": [
            {
              "title": "Click and select Porsche brand and Tycan as a model",
              "fullTitle": "Navigate to Otomoto.pl and search for \"Porsche Taycan\", takes a screenshot and goes througt the photos Click and select Porsche brand and Tycan as a model",
              "timedOut": null,
              "duration": 4071,
              "state": "passed",
              "speed": "fast",
              "pass": true,
              "fail": false,
              "pending": false,
              "context": null,
              "code": "cy.visit('http://www.otomoto.pl');\ncy.url().should(\"contain\", \"otomoto\");\ncy.get('#onetrust-accept-btn-handler').should('be.visible');\ncy.get('#onetrust-accept-btn-handler').click();\ncy.get('#onetrust-accept-btn-handler').should('not.be.visible');\ncy.get(':nth-child(2) > :nth-child(1) > [data-testid=\"dropdown\"] > [data-testid=\"dropdown-head\"] > [data-testid=\"dropdown-head-input\"]').click();\ncy.get(':nth-child(2) > :nth-child(1) > [data-testid=\"dropdown\"] > [data-testid=\"dropdown-head\"] > [data-testid=\"dropdown-head-input\"]').type('Porsche');\ncy.get('.ooa-micpln').click();\ncy.get(':nth-child(3) > :nth-child(1) > [data-testid=\"dropdown\"] > [data-testid=\"dropdown-head\"] > [data-testid=\"dropdown-head-input\"]').click();\ncy.get(':nth-child(3) > :nth-child(1) > [data-testid=\"dropdown\"] > [data-testid=\"dropdown-head\"] > [data-testid=\"dropdown-head-input\"]').type('Taycan');\ncy.get('.ooa-micpln').click();\ncy.get('[data-testid=\"submit-btn\"] > .ooa-ucvp6h > .button-text-wrapper').click();\ncy.url().should(\"equal\", \"https://www.otomoto.pl/osobowe/porsche/taycan\");",
              "err": {},
              "uuid": "7cf8839f-fc60-4e88-b892-85f494302dea",
              "parentUUID": "fc1a5466-e40b-45d5-85f5-5b9c2699fd7f",
              "isHook": false,
              "skipped": false
            },
            {
              "title": "Order resoults by Highest price and click on the most expensive one",
              "fullTitle": "Navigate to Otomoto.pl and search for \"Porsche Taycan\", takes a screenshot and goes througt the photos Order resoults by Highest price and click on the most expensive one",
              "timedOut": null,
              "duration": 31123,
              "state": "passed",
              "speed": "slow",
              "pass": true,
              "fail": false,
              "pending": false,
              "context": null,
              "code": "Cypress.on('uncaught:exception', (err, runnable) => {\n  // returning false here prevents Cypress from\n  // failing the test\n  return false;\n});\ncy.visit('https://www.otomoto.pl/osobowe/porsche/taycan');\ncy.url().should(\"contain\", \"otomoto.pl/osobowe/porsche/taycan\");\ncy.get('#onetrust-accept-btn-handler').should('be.visible');\ncy.get('#onetrust-accept-btn-handler').click();\ncy.get('#onetrust-accept-btn-handler').should('not.be.visible');\ncy.get('[data-testid=\"sorting-dropdown\"] > [data-testid=\"dropdown-head\"] > [data-testid=\"dropdown-head-button\"]').click();\ncy.get(':nth-child(4) > .ooa-k3nz6w > .ooa-1ejcmi5 > [data-testid=\"dropdown-checkmark\"]').click();\ncy.get('[data-id=\"6109434505\"]').click();\n//Take a screen shot and save in Screenshot folder\ncy.screenshot();\n//Multiple click on Next button\ncy.get('.slick-next.navigator > .icon-arrow_right').click().wait(500);\ncy.get('.slick-next.navigator > .icon-arrow_right').click().wait(500);\ncy.get('.slick-next.navigator > .icon-arrow_right').click().wait(500);\ncy.get('.slick-next.navigator > .icon-arrow_right').click().wait(500);\ncy.get('.slick-next.navigator > .icon-arrow_right').click().wait(500);\n// for(let n = 0; n < 10; n ++){\n//     cy.get('.slick-next.navigator > .icon-arrow_right').click({multiple : true})\n//   }",
              "err": {},
              "uuid": "28c0477d-74b1-438a-971c-81285b5ebfb3",
              "parentUUID": "fc1a5466-e40b-45d5-85f5-5b9c2699fd7f",
              "isHook": false,
              "skipped": false
            }
          ],
          "suites": [],
          "passes": [
            "7cf8839f-fc60-4e88-b892-85f494302dea",
            "28c0477d-74b1-438a-971c-81285b5ebfb3"
          ],
          "failures": [],
          "pending": [],
          "skipped": [],
          "duration": 35194,
          "root": false,
          "rootEmpty": false,
          "_timeout": 2000
        },
        {
          "uuid": "e3ccbe52-e8c6-486c-ac06-57bfbecc3935",
          "title": "Navigate to Wykop.pl and assert",
          "fullFile": "",
          "file": "",
          "beforeHooks": [],
          "afterHooks": [],
          "tests": [
            {
              "title": "Login&Logoff to/from Wykop.pl",
              "fullTitle": "Navigate to Wykop.pl and assert Login&Logoff to/from Wykop.pl",
              "timedOut": null,
              "duration": 60532,
              "state": "failed",
              "speed": null,
              "pass": false,
              "fail": true,
              "pending": false,
              "context": null,
              "code": "Cypress.on('uncaught:exception', (err, runnable) => {\n  // returning false here prevents Cypress from\n  // failing the test\n  return false;\n});\ncy.login();",
              "err": {
                "message": "CypressError: Timed out after waiting `60000ms` for your remote page to load.\n\nYour page did not fire its `load` event within `60000ms`.\n\nYou can try increasing the `pageLoadTimeout` value in `cypress.config.js` to wait longer.\n\nBrowsers will not fire the `load` event until all stylesheets and scripts are done downloading.\n\nWhen this `load` event occurs, Cypress will continue running commands.",
                "estack": "CypressError: Timed out after waiting `60000ms` for your remote page to load.\n\nYour page did not fire its `load` event within `60000ms`.\n\nYou can try increasing the `pageLoadTimeout` value in `cypress.config.js` to wait longer.\n\nBrowsers will not fire the `load` event until all stylesheets and scripts are done downloading.\n\nWhen this `load` event occurs, Cypress will continue running commands.\n    at timedOutWaitingForPageLoad (https://wykop.pl/__cypress/runner/cypress_runner.js:146725:72)\n    at <unknown> (https://wykop.pl/__cypress/runner/cypress_runner.js:147699:16)\n    at tryCatcher (https://wykop.pl/__cypress/runner/cypress_runner.js:18744:23)\n    at <unknown> (https://wykop.pl/__cypress/runner/cypress_runner.js:13866:41)\n    at tryCatcher (https://wykop.pl/__cypress/runner/cypress_runner.js:18744:23)\n    at Promise._settlePromiseFromHandler (https://wykop.pl/__cypress/runner/cypress_runner.js:16679:31)\n    at Promise._settlePromise (https://wykop.pl/__cypress/runner/cypress_runner.js:16736:18)\n    at Promise._settlePromise0 (https://wykop.pl/__cypress/runner/cypress_runner.js:16781:10)\n    at Promise._settlePromises (https://wykop.pl/__cypress/runner/cypress_runner.js:16857:18)\n    at _drainQueueStep (https://wykop.pl/__cypress/runner/cypress_runner.js:13451:12)\n    at _drainQueue (https://wykop.pl/__cypress/runner/cypress_runner.js:13444:9)\n    at ../../node_modules/bluebird/js/release/async.js.Async._drainQueues (https://wykop.pl/__cypress/runner/cypress_runner.js:13460:5)\n    at Async.drainQueues (https://wykop.pl/__cypress/runner/cypress_runner.js:13330:14)\nFrom Your Spec Code:\n    at Context.eval (webpack:///./cypress/support/commands.js:3:7)",
                "diff": null
              },
              "uuid": "71d96c85-f4ce-4d3a-9722-fe35a4a785d8",
              "parentUUID": "e3ccbe52-e8c6-486c-ac06-57bfbecc3935",
              "isHook": false,
              "skipped": false
            },
            {
              "title": "Login and Search & Open \"Pasta o serwerowni\"",
              "fullTitle": "Navigate to Wykop.pl and assert Login and Search & Open \"Pasta o serwerowni\"",
              "timedOut": null,
              "duration": 80914,
              "state": "failed",
              "speed": null,
              "pass": false,
              "fail": true,
              "pending": false,
              "context": null,
              "code": "Cypress.on('uncaught:exception', (err, runnable) => {\n  // returning false here prevents Cypress from\n  // failing the test\n  return false;\n});\ncy.login();\ncy.get('.pm > [data-unread=\"0\"]').should(\"be.visible\");\ncy.get('[type=\"search\"]').click().type('Pasta o serwerowni');\ncy.get('.links > .content > ul > :nth-child(3) > a > span').click();\ncy.get('h2 > a').invoke('removeAttr', 'target').click();",
              "err": {
                "message": "CypressError: Timed out after waiting `60000ms` for your remote page to load.\n\nYour page did not fire its `load` event within `60000ms`.\n\nYou can try increasing the `pageLoadTimeout` value in `cypress.config.js` to wait longer.\n\nBrowsers will not fire the `load` event until all stylesheets and scripts are done downloading.\n\nWhen this `load` event occurs, Cypress will continue running commands.",
                "estack": "CypressError: Timed out after waiting `60000ms` for your remote page to load.\n\nYour page did not fire its `load` event within `60000ms`.\n\nYou can try increasing the `pageLoadTimeout` value in `cypress.config.js` to wait longer.\n\nBrowsers will not fire the `load` event until all stylesheets and scripts are done downloading.\n\nWhen this `load` event occurs, Cypress will continue running commands.\n    at timedOutWaitingForPageLoad (https://wykop.pl/__cypress/runner/cypress_runner.js:146725:72)\n    at <unknown> (https://wykop.pl/__cypress/runner/cypress_runner.js:147023:16)\n    at tryCatcher (https://wykop.pl/__cypress/runner/cypress_runner.js:18744:23)\n    at <unknown> (https://wykop.pl/__cypress/runner/cypress_runner.js:13866:41)\n    at tryCatcher (https://wykop.pl/__cypress/runner/cypress_runner.js:18744:23)\n    at Promise._settlePromiseFromHandler (https://wykop.pl/__cypress/runner/cypress_runner.js:16679:31)\n    at Promise._settlePromise (https://wykop.pl/__cypress/runner/cypress_runner.js:16736:18)\n    at Promise._settlePromise0 (https://wykop.pl/__cypress/runner/cypress_runner.js:16781:10)\n    at Promise._settlePromises (https://wykop.pl/__cypress/runner/cypress_runner.js:16857:18)\n    at _drainQueueStep (https://wykop.pl/__cypress/runner/cypress_runner.js:13451:12)\n    at _drainQueue (https://wykop.pl/__cypress/runner/cypress_runner.js:13444:9)\n    at ../../node_modules/bluebird/js/release/async.js.Async._drainQueues (https://wykop.pl/__cypress/runner/cypress_runner.js:13460:5)\n    at Async.drainQueues (https://wykop.pl/__cypress/runner/cypress_runner.js:13330:14)\nFrom Your Spec Code:\n    at Context.eval (webpack:///./cypress/support/commands.js:9:38)",
                "diff": null
              },
              "uuid": "d8605203-215b-4c57-acd7-7f07b7a36b49",
              "parentUUID": "e3ccbe52-e8c6-486c-ac06-57bfbecc3935",
              "isHook": false,
              "skipped": false
            }
          ],
          "suites": [],
          "passes": [],
          "failures": [
            "71d96c85-f4ce-4d3a-9722-fe35a4a785d8",
            "d8605203-215b-4c57-acd7-7f07b7a36b49"
          ],
          "pending": [],
          "skipped": [],
          "duration": 141446,
          "root": false,
          "rootEmpty": false,
          "_timeout": 2000
        }
      ],
      "passes": [],
      "failures": [],
      "pending": [],
      "skipped": [],
      "duration": 0,
      "root": true,
      "rootEmpty": true,
      "_timeout": 2000
    }
  ],
  "meta": {
    "mocha": {
      "version": "7.0.1"
    },
    "mochawesome": {
      "options": {
        "quiet": false,
        "reportFilename": "[name]-report",
        "saveHtml": true,
        "saveJson": true,
        "consoleReporter": "spec",
        "useInlineDiffs": false,
        "code": true
      },
      "version": "7.1.3"
    },
    "marge": {
      "options": {
        "reportFilename": "[name]-report",
        "overwrite": true,
        "html": true,
        "json": true
      },
      "version": "6.2.0"
    }
  }
}